<?xml version="1.0" encoding="UTF-8" standalone="yes"?><!DOCTYPE report PUBLIC "-//JACOCO//DTD Report 1.1//EN" "report.dtd"><report name="OpenWMS.org COMMON: TCP/IP Driver OSIP"><sessioninfo id="fv-az738-493-a8eda056" start="1702624865342" dump="1702624876181"/><package name="org/openwms/common/comm/app"><class name="org/openwms/common/comm/app/AsyncConfiguration" sourcefilename="AsyncConfiguration.java"><method name="&lt;init&gt;" desc="()V" line="56"><counter type="INSTRUCTION" missed="0" covered="3"/><counter type="LINE" missed="0" covered="1"/><counter type="COMPLEXITY" missed="0" covered="1"/><counter type="METHOD" missed="0" covered="1"/></method><method name="messageConverter" desc="()Lorg/springframework/amqp/support/converter/MessageConverter;" line="63"><counter type="INSTRUCTION" missed="0" covered="7"/><counter type="LINE" missed="0" covered="2"/><counter type="COMPLEXITY" missed="0" covered="1"/><counter type="METHOD" missed="0" covered="1"/></method><method name="serializerMessageConverter" desc="()Lorg/springframework/amqp/support/converter/MessageConverter;" line="70"><counter type="INSTRUCTION" missed="7" covered="0"/><counter type="LINE" missed="2" covered="0"/><counter type="COMPLEXITY" missed="1" covered="0"/><counter type="METHOD" missed="1" covered="0"/></method><method name="interceptor" desc="()Lorg/springframework/retry/interceptor/StatefulRetryOperationsInterceptor;" line="76"><counter type="INSTRUCTION" missed="0" covered="11"/><counter type="LINE" missed="0" covered="4"/><counter type="COMPLEXITY" missed="0" covered="1"/><counter type="METHOD" missed="0" covered="1"/></method><method name="rabbitTemplate" desc="(Lorg/springframework/amqp/rabbit/connection/ConnectionFactory;Lorg/springframework/beans/factory/ObjectProvider;Lorg/ameba/amqp/RabbitTemplateConfigurable;)Lorg/springframework/amqp/rabbit/core/RabbitTemplate;" line="87"><counter type="INSTRUCTION" missed="0" covered="40"/><counter type="BRANCH" missed="1" covered="1"/><counter type="LINE" missed="0" covered="12"/><counter type="COMPLEXITY" missed="1" covered="1"/><counter type="METHOD" missed="0" covered="1"/></method><method name="dlExchange" desc="(Ljava/lang/String;)Lorg/springframework/amqp/core/DirectExchange;" line="104"><counter type="INSTRUCTION" missed="0" covered="5"/><counter type="LINE" missed="0" covered="1"/><counter type="COMPLEXITY" missed="0" covered="1"/><counter type="METHOD" missed="0" covered="1"/></method><method name="dlq" desc="(Ljava/lang/String;)Lorg/springframework/amqp/core/Queue;" line="109"><counter type="INSTRUCTION" missed="0" covered="4"/><counter type="LINE" missed="0" covered="1"/><counter type="COMPLEXITY" missed="0" covered="1"/><counter type="METHOD" missed="0" covered="1"/></method><method name="DLQbinding" desc="(Ljava/lang/String;Ljava/lang/String;)Lorg/springframework/amqp/core/Binding;" line="115"><counter type="INSTRUCTION" missed="0" covered="11"/><counter type="LINE" missed="0" covered="1"/><counter type="COMPLEXITY" missed="0" covered="1"/><counter type="METHOD" missed="0" covered="1"/></method><method name="&lt;clinit&gt;" desc="()V" line="58"><counter type="INSTRUCTION" missed="0" covered="4"/><counter type="LINE" missed="0" covered="1"/><counter type="COMPLEXITY" missed="0" covered="1"/><counter type="METHOD" missed="0" covered="1"/></method><counter type="INSTRUCTION" missed="7" covered="85"/><counter type="BRANCH" missed="1" covered="1"/><counter type="LINE" missed="2" covered="23"/><counter type="COMPLEXITY" missed="2" covered="8"/><counter type="METHOD" missed="1" covered="8"/><counter type="CLASS" missed="0" covered="1"/></class><class name="org/openwms/common/comm/app/DriverConfiguration" sourcefilename="DriverConfiguration.java"><method name="&lt;init&gt;" desc="()V" line="84"><counter type="INSTRUCTION" missed="0" covered="3"/><counter type="LINE" missed="0" covered="1"/><counter type="COMPLEXITY" missed="0" covered="1"/><counter type="METHOD" missed="0" covered="1"/></method><method name="registerBean" desc="(Ljava/lang/String;Ljava/lang/Object;)V" line="97"><counter type="INSTRUCTION" missed="0" covered="7"/><counter type="LINE" missed="0" covered="2"/><counter type="COMPLEXITY" missed="0" covered="1"/><counter type="METHOD" missed="0" covered="1"/></method><method name="tcpReceivingChannelAdapter" desc="(Lorg/springframework/integration/ip/tcp/connection/AbstractConnectionFactory;Lorg/springframework/messaging/MessageChannel;)Lorg/springframework/integration/ip/tcp/TcpReceivingChannelAdapter;" line="102"><counter type="INSTRUCTION" missed="0" covered="12"/><counter type="LINE" missed="0" covered="4"/><counter type="COMPLEXITY" missed="0" covered="1"/><counter type="METHOD" missed="0" covered="1"/></method><method name="attachReceivingChannelAdapter" desc="(Lorg/openwms/common/comm/config/Subsystem;Lorg/springframework/messaging/MessageChannel;Lorg/springframework/integration/ip/tcp/connection/AbstractConnectionFactory;)V" line="111"><counter type="INSTRUCTION" missed="0" covered="18"/><counter type="LINE" missed="0" covered="4"/><counter type="COMPLEXITY" missed="0" covered="1"/><counter type="METHOD" missed="0" covered="1"/></method><method name="createSendingMessageHandler" desc="(Lorg/springframework/integration/ip/tcp/connection/AbstractConnectionFactory;)Lorg/springframework/integration/ip/tcp/TcpSendingMessageHandler;" line="118"><counter type="INSTRUCTION" missed="0" covered="12"/><counter type="LINE" missed="0" covered="4"/><counter type="COMPLEXITY" missed="0" covered="1"/><counter type="METHOD" missed="0" covered="1"/></method><method name="createClientConnectionFactory" desc="(Ljava/lang/String;ILorg/springframework/core/serializer/Serializer;Lorg/springframework/core/serializer/Deserializer;Ljava/lang/Integer;Ljava/lang/Integer;Ljava/lang/Integer;)Lorg/springframework/integration/ip/tcp/connection/AbstractClientConnectionFactory;" line="128"><counter type="INSTRUCTION" missed="4" covered="56"/><counter type="BRANCH" missed="3" covered="3"/><counter type="LINE" missed="1" covered="12"/><counter type="COMPLEXITY" missed="3" covered="1"/><counter type="METHOD" missed="0" covered="1"/></method><method name="createInboundServerConnectionFactory" desc="(Lorg/openwms/common/comm/config/Connections;Lorg/openwms/common/comm/config/Subsystem;Lorg/springframework/integration/ip/tcp/connection/TcpMessageMapper;Lorg/springframework/core/serializer/Serializer;Lorg/springframework/core/serializer/Deserializer;)Lorg/springframework/integration/ip/tcp/connection/AbstractServerConnectionFactory;" line="152"><counter type="INSTRUCTION" missed="2" covered="89"/><counter type="BRANCH" missed="3" covered="5"/><counter type="LINE" missed="0" covered="18"/><counter type="COMPLEXITY" missed="3" covered="2"/><counter type="METHOD" missed="0" covered="1"/></method><method name="createOutboundServerConnectionFactory" desc="(Lorg/openwms/common/comm/config/Connections;Ljava/lang/String;Lorg/openwms/common/comm/config/Subsystem$Outbound;Lorg/springframework/integration/ip/tcp/connection/TcpMessageMapper;Lorg/springframework/core/serializer/Serializer;Lorg/springframework/core/serializer/Deserializer;)Lorg/springframework/integration/ip/tcp/connection/AbstractServerConnectionFactory;" line="184"><counter type="INSTRUCTION" missed="8" covered="83"/><counter type="BRANCH" missed="5" covered="5"/><counter type="LINE" missed="1" covered="17"/><counter type="COMPLEXITY" missed="5" covered="1"/><counter type="METHOD" missed="0" covered="1"/></method><method name="createOutboundConnectionFactory" desc="(Lorg/openwms/common/comm/config/Subsystem$MODE;Ljava/lang/String;Lorg/openwms/common/comm/config/Connections;Lorg/openwms/common/comm/config/Subsystem$Duplex;Lorg/springframework/integration/ip/tcp/connection/TcpMessageMapper;Lorg/springframework/core/serializer/Serializer;Lorg/springframework/core/serializer/Deserializer;)Lorg/springframework/integration/ip/tcp/connection/AbstractConnectionFactory;" line="218"><counter type="INSTRUCTION" missed="0" covered="122"/><counter type="BRANCH" missed="0" covered="12"/><counter type="LINE" missed="0" covered="20"/><counter type="COMPLEXITY" missed="0" covered="7"/><counter type="METHOD" missed="0" covered="1"/></method><method name="setupInbound" desc="(Lorg/openwms/common/comm/config/Connections;Lorg/openwms/common/comm/config/Subsystem;Lorg/springframework/integration/ip/tcp/connection/TcpMessageMapper;Lorg/springframework/messaging/MessageChannel;Lorg/springframework/scheduling/TaskScheduler;Lorg/springframework/core/serializer/Serializer;Lorg/springframework/core/serializer/Deserializer;)V" line="256"><counter type="INSTRUCTION" missed="136" covered="38"/><counter type="BRANCH" missed="9" covered="1"/><counter type="LINE" missed="22" covered="9"/><counter type="COMPLEXITY" missed="5" covered="1"/><counter type="METHOD" missed="0" covered="1"/></method><method name="createInterceptorChain" desc="()Lorg/springframework/integration/ip/tcp/connection/TcpConnectionInterceptorFactoryChain;" line="295"><counter type="INSTRUCTION" missed="0" covered="15"/><counter type="LINE" missed="0" covered="3"/><counter type="COMPLEXITY" missed="0" covered="1"/><counter type="METHOD" missed="0" covered="1"/></method><method name="setupOutbound" desc="(Lorg/openwms/common/comm/config/Connections;Lorg/openwms/common/comm/config/Subsystem;Lorg/springframework/integration/ip/tcp/connection/TcpMessageMapper;Lorg/openwms/common/comm/app/Channels;Lorg/springframework/scheduling/TaskScheduler;Lorg/springframework/core/serializer/Serializer;Lorg/springframework/core/serializer/Deserializer;)V" line="306"><counter type="INSTRUCTION" missed="21" covered="235"/><counter type="BRANCH" missed="4" covered="6"/><counter type="LINE" missed="1" covered="52"/><counter type="COMPLEXITY" missed="4" covered="2"/><counter type="METHOD" missed="0" covered="1"/></method><method name="channels" desc="(Lorg/openwms/common/comm/config/Connections;Lorg/springframework/integration/ip/tcp/connection/TcpMessageMapper;Lorg/springframework/messaging/MessageChannel;Lorg/springframework/core/serializer/Serializer;Lorg/springframework/core/serializer/Deserializer;Lorg/springframework/scheduling/TaskScheduler;Ljava/lang/String;)Lorg/openwms/common/comm/app/Channels;" line="385"><counter type="INSTRUCTION" missed="1" covered="59"/><counter type="BRANCH" missed="1" covered="5"/><counter type="LINE" missed="0" covered="9"/><counter type="COMPLEXITY" missed="1" covered="3"/><counter type="METHOD" missed="0" covered="1"/></method><method name="threadPoolTaskScheduler" desc="()Lorg/springframework/scheduling/concurrent/ThreadPoolTaskScheduler;" line="400"><counter type="INSTRUCTION" missed="0" covered="12"/><counter type="LINE" missed="0" covered="4"/><counter type="COMPLEXITY" missed="0" covered="1"/><counter type="METHOD" missed="0" covered="1"/></method><method name="setupDuplex" desc="(Lorg/openwms/common/comm/config/Connections;Lorg/openwms/common/comm/config/Subsystem;Lorg/springframework/integration/ip/tcp/connection/TcpMessageMapper;Lorg/springframework/messaging/MessageChannel;Lorg/openwms/common/comm/app/Channels;Lorg/springframework/scheduling/TaskScheduler;Lorg/springframework/core/serializer/Serializer;Lorg/springframework/core/serializer/Deserializer;)V" line="411"><counter type="INSTRUCTION" missed="2" covered="242"/><counter type="BRANCH" missed="1" covered="3"/><counter type="LINE" missed="0" covered="58"/><counter type="COMPLEXITY" missed="1" covered="2"/><counter type="METHOD" missed="0" covered="1"/></method><method name="commonExceptionChannel" desc="()Lorg/springframework/messaging/MessageChannel;" line="493"><counter type="INSTRUCTION" missed="0" covered="5"/><counter type="LINE" missed="0" covered="1"/><counter type="COMPLEXITY" missed="0" covered="1"/><counter type="METHOD" missed="0" covered="1"/></method><method name="transformerOutputChannel" desc="()Lorg/springframework/messaging/MessageChannel;" line="498"><counter type="INSTRUCTION" missed="0" covered="5"/><counter type="LINE" missed="0" covered="1"/><counter type="COMPLEXITY" missed="0" covered="1"/><counter type="METHOD" missed="0" covered="1"/></method><method name="inboundChannel" desc="()Lorg/springframework/messaging/MessageChannel;" line="503"><counter type="INSTRUCTION" missed="0" covered="5"/><counter type="LINE" missed="0" covered="1"/><counter type="COMPLEXITY" missed="0" covered="1"/><counter type="METHOD" missed="0" covered="1"/></method><method name="outboundChannel" desc="()Lorg/springframework/messaging/MessageChannel;" line="508"><counter type="INSTRUCTION" missed="0" covered="4"/><counter type="LINE" missed="0" covered="1"/><counter type="COMPLEXITY" missed="0" covered="1"/><counter type="METHOD" missed="0" covered="1"/></method><method name="createEnrichedOutboundChannel" desc="(Lorg/springframework/integration/handler/AbstractMessageHandler;)Lorg/springframework/integration/channel/DirectChannel;" line="513"><counter type="INSTRUCTION" missed="0" covered="10"/><counter type="LINE" missed="0" covered="3"/><counter type="COMPLEXITY" missed="0" covered="1"/><counter type="METHOD" missed="0" covered="1"/></method><method name="serializer" desc="()Lorg/springframework/core/serializer/Serializer;" line="521"><counter type="INSTRUCTION" missed="0" covered="4"/><counter type="LINE" missed="0" covered="1"/><counter type="COMPLEXITY" missed="0" covered="1"/><counter type="METHOD" missed="0" covered="1"/></method><method name="deserializer" desc="()Lorg/springframework/core/serializer/Deserializer;" line="526"><counter type="INSTRUCTION" missed="0" covered="4"/><counter type="LINE" missed="0" covered="1"/><counter type="COMPLEXITY" missed="0" covered="1"/><counter type="METHOD" missed="0" covered="1"/></method><method name="tcpMessageMapper" desc="()Lorg/springframework/integration/ip/tcp/connection/TcpMessageMapper;" line="532"><counter type="INSTRUCTION" missed="0" covered="4"/><counter type="LINE" missed="0" covered="1"/><counter type="COMPLEXITY" missed="0" covered="1"/><counter type="METHOD" missed="0" covered="1"/></method><method name="byteArrayMessageConverter" desc="()Lorg/springframework/messaging/converter/ByteArrayMessageConverter;" line="537"><counter type="INSTRUCTION" missed="0" covered="4"/><counter type="LINE" missed="0" covered="1"/><counter type="COMPLEXITY" missed="0" covered="1"/><counter type="METHOD" missed="0" covered="1"/></method><method name="telegramTransformer" desc="(Ljava/util/List;Lorg/openwms/common/comm/TelegramResolver;)Lorg/openwms/common/comm/transformer/tcp/Transformable;" line="543"><counter type="INSTRUCTION" missed="0" covered="6"/><counter type="LINE" missed="0" covered="1"/><counter type="COMPLEXITY" missed="0" covered="1"/><counter type="METHOD" missed="0" covered="1"/></method><method name="inboundFlow" desc="(Lorg/springframework/messaging/MessageChannel;Lorg/springframework/messaging/MessageChannel;Lorg/openwms/common/comm/transformer/tcp/Transformable;)Lorg/springframework/integration/dsl/IntegrationFlow;" line="552"><counter type="INSTRUCTION" missed="0" covered="13"/><counter type="LINE" missed="0" covered="6"/><counter type="COMPLEXITY" missed="0" covered="1"/><counter type="METHOD" missed="0" covered="1"/></method><method name="setApplicationEventPublisher" desc="(Lorg/springframework/context/ApplicationEventPublisher;)V" line="562"><counter type="INSTRUCTION" missed="0" covered="4"/><counter type="LINE" missed="0" covered="2"/><counter type="COMPLEXITY" missed="0" covered="1"/><counter type="METHOD" missed="0" covered="1"/></method><method name="lambda$createInterceptorChain$3" desc="()Lorg/springframework/integration/ip/tcp/connection/TcpConnectionInterceptorSupport;" line="296"><counter type="INSTRUCTION" missed="6" covered="0"/><counter type="LINE" missed="1" covered="0"/><counter type="COMPLEXITY" missed="1" covered="0"/><counter type="METHOD" missed="1" covered="0"/></method><method name="lambda$createOutboundConnectionFactory$2" desc="(Ljava/lang/String;)Lorg/openwms/common/comm/app/ConfigurationException;" line="219"><counter type="INSTRUCTION" missed="12" covered="0"/><counter type="LINE" missed="1" covered="0"/><counter type="COMPLEXITY" missed="1" covered="0"/><counter type="METHOD" missed="1" covered="0"/></method><method name="lambda$createOutboundServerConnectionFactory$1" desc="(Ljava/lang/String;)Lorg/openwms/common/comm/app/ConfigurationException;" line="184"><counter type="INSTRUCTION" missed="12" covered="0"/><counter type="LINE" missed="1" covered="0"/><counter type="COMPLEXITY" missed="1" covered="0"/><counter type="METHOD" missed="1" covered="0"/></method><method name="lambda$createInboundServerConnectionFactory$0" desc="(Lorg/openwms/common/comm/config/Subsystem;)Lorg/openwms/common/comm/app/ConfigurationException;" line="153"><counter type="INSTRUCTION" missed="13" covered="0"/><counter type="LINE" missed="1" covered="0"/><counter type="COMPLEXITY" missed="1" covered="0"/><counter type="METHOD" missed="1" covered="0"/></method><method name="&lt;clinit&gt;" desc="()V" line="86"><counter type="INSTRUCTION" missed="0" covered="7"/><counter type="LINE" missed="0" covered="2"/><counter type="COMPLEXITY" missed="0" covered="1"/><counter type="METHOD" missed="0" covered="1"/></method><counter type="INSTRUCTION" missed="217" covered="1078"/><counter type="BRANCH" missed="26" covered="40"/><counter type="LINE" missed="25" covered="239"/><counter type="COMPLEXITY" missed="26" covered="39"/><counter type="METHOD" missed="4" covered="28"/><counter type="CLASS" missed="0" covered="1"/></class><class name="org/openwms/common/comm/app/RestTemplateInterceptor" sourcefilename="RestTemplateInterceptor.java"><method name="&lt;init&gt;" desc="()V" line="34"><counter type="INSTRUCTION" missed="3" covered="0"/><counter type="LINE" missed="1" covered="0"/><counter type="COMPLEXITY" missed="1" covered="0"/><counter type="METHOD" missed="1" covered="0"/></method><method name="intercept" desc="(Lorg/springframework/http/HttpRequest;[BLorg/springframework/http/client/ClientHttpRequestExecution;)Lorg/springframework/http/client/ClientHttpResponse;" line="38"><counter type="INSTRUCTION" missed="12" covered="0"/><counter type="LINE" missed="3" covered="0"/><counter type="COMPLEXITY" missed="1" covered="0"/><counter type="METHOD" missed="1" covered="0"/></method><counter type="INSTRUCTION" missed="15" covered="0"/><counter type="LINE" missed="4" covered="0"/><counter type="COMPLEXITY" missed="2" covered="0"/><counter type="METHOD" missed="2" covered="0"/><counter type="CLASS" missed="1" covered="0"/></class><sourcefile name="DriverConfiguration.java"><line nr="84" mi="0" ci="3" mb="0" cb="0"/><line nr="86" mi="0" ci="3" mb="0" cb="0"/><line nr="87" mi="0" ci="4" mb="0" cb="0"/><line nr="97" mi="0" ci="6" mb="0" cb="0"/><line nr="98" mi="0" ci="1" mb="0" cb="0"/><line nr="102" mi="0" ci="4" mb="0" cb="0"/><line nr="103" mi="0" ci="3" mb="0" cb="0"/><line nr="104" mi="0" ci="3" mb="0" cb="0"/><line nr="105" mi="0" ci="2" mb="0" cb="0"/><line nr="111" mi="0" ci="5" mb="0" cb="0"/><line nr="112" mi="0" ci="6" mb="0" cb="0"/><line nr="113" mi="0" ci="6" mb="0" cb="0"/><line nr="114" mi="0" ci="1" mb="0" cb="0"/><line nr="118" mi="0" ci="4" mb="0" cb="0"/><line nr="119" mi="0" ci="3" mb="0" cb="0"/><line nr="120" mi="0" ci="3" mb="0" cb="0"/><line nr="121" mi="0" ci="2" mb="0" cb="0"/><line nr="128" mi="0" ci="6" mb="0" cb="0"/><line nr="129" mi="0" ci="3" mb="0" cb="0"/><line nr="130" mi="0" ci="3" mb="0" cb="0"/><line nr="131" mi="0" ci="2" mb="1" cb="1"/><line nr="132" mi="0" ci="4" mb="0" cb="0"/><line nr="134" mi="0" ci="2" mb="1" cb="1"/><line nr="135" mi="4" ci="0" mb="0" cb="0"/><line nr="137" mi="0" ci="2" mb="1" cb="1"/><line nr="138" mi="0" ci="4" mb="0" cb="0"/><line nr="140" mi="0" ci="12" mb="0" cb="0"/><line nr="141" mi="0" ci="14" mb="0" cb="0"/><line nr="142" mi="0" ci="2" mb="0" cb="0"/><line nr="143" mi="0" ci="2" mb="0" cb="0"/><line nr="152" mi="0" ci="3" mb="0" cb="0"/><line nr="153" mi="13" ci="8" mb="0" cb="0"/><line nr="155" mi="0" ci="6" mb="0" cb="0"/><line nr="156" mi="0" ci="4" mb="0" cb="0"/><line nr="157" mi="0" ci="3" mb="0" cb="0"/><line nr="158" mi="0" ci="3" mb="0" cb="0"/><line nr="159" mi="0" ci="3" mb="0" cb="0"/><line nr="160" mi="0" ci="3" mb="0" cb="0"/><line nr="161" mi="0" ci="4" mb="0" cb="0"/><line nr="163" mi="2" ci="7" mb="1" cb="1"/><line nr="164" mi="0" ci="2" mb="1" cb="1"/><line nr="165" mi="0" ci="4" mb="0" cb="0"/><line nr="168" mi="0" ci="9" mb="0" cb="2"/><line nr="169" mi="0" ci="2" mb="1" cb="1"/><line nr="170" mi="0" ci="4" mb="0" cb="0"/><line nr="172" mi="0" ci="8" mb="0" cb="0"/><line nr="173" mi="0" ci="14" mb="0" cb="0"/><line nr="174" mi="0" ci="2" mb="0" cb="0"/><line nr="184" mi="12" ci="8" mb="0" cb="0"/><line nr="186" mi="0" ci="6" mb="0" cb="0"/><line nr="187" mi="0" ci="3" mb="1" cb="1"/><line nr="188" mi="4" ci="0" mb="0" cb="0"/><line nr="190" mi="0" ci="3" mb="0" cb="0"/><line nr="191" mi="0" ci="3" mb="0" cb="0"/><line nr="192" mi="0" ci="3" mb="0" cb="0"/><line nr="193" mi="0" ci="3" mb="0" cb="0"/><line nr="194" mi="0" ci="4" mb="0" cb="0"/><line nr="196" mi="2" ci="7" mb="1" cb="1"/><line nr="197" mi="0" ci="2" mb="1" cb="1"/><line nr="198" mi="0" ci="4" mb="0" cb="0"/><line nr="201" mi="2" ci="7" mb="1" cb="1"/><line nr="202" mi="0" ci="2" mb="1" cb="1"/><line nr="203" mi="0" ci="4" mb="0" cb="0"/><line nr="205" mi="0" ci="8" mb="0" cb="0"/><line nr="206" mi="0" ci="14" mb="0" cb="0"/><line nr="207" mi="0" ci="2" mb="0" cb="0"/><line nr="218" mi="0" ci="9" mb="0" cb="2"/><line nr="219" mi="12" ci="8" mb="0" cb="0"/><line nr="220" mi="0" ci="3" mb="0" cb="2"/><line nr="221" mi="0" ci="6" mb="0" cb="0"/><line nr="222" mi="0" ci="7" mb="0" cb="0"/><line nr="224" mi="0" ci="2" mb="0" cb="0"/><line nr="225" mi="0" ci="8" mb="0" cb="2"/><line nr="228" mi="0" ci="2" mb="0" cb="0"/><line nr="229" mi="0" ci="9" mb="0" cb="2"/><line nr="232" mi="0" ci="2" mb="0" cb="0"/><line nr="233" mi="0" ci="9" mb="0" cb="2"/><line nr="236" mi="0" ci="2" mb="0" cb="0"/><line nr="237" mi="0" ci="9" mb="0" cb="2"/><line nr="240" mi="0" ci="3" mb="0" cb="0"/><line nr="241" mi="0" ci="3" mb="0" cb="0"/><line nr="242" mi="0" ci="3" mb="0" cb="0"/><line nr="243" mi="0" ci="4" mb="0" cb="0"/><line nr="244" mi="0" ci="16" mb="0" cb="0"/><line nr="245" mi="0" ci="15" mb="0" cb="0"/><line nr="247" mi="0" ci="2" mb="0" cb="0"/><line nr="256" mi="0" ci="3" mb="0" cb="0"/><line nr="257" mi="0" ci="4" mb="1" cb="1"/><line nr="259" mi="0" ci="8" mb="0" cb="0"/><line nr="260" mi="0" ci="5" mb="0" cb="0"/><line nr="261" mi="0" ci="4" mb="0" cb="0"/><line nr="262" mi="0" ci="5" mb="0" cb="0"/><line nr="263" mi="0" ci="7" mb="0" cb="0"/><line nr="264" mi="4" ci="1" mb="2" cb="0"/><line nr="266" mi="9" ci="0" mb="2" cb="0"/><line nr="267" mi="9" ci="0" mb="2" cb="0"/><line nr="268" mi="9" ci="0" mb="2" cb="0"/><line nr="269" mi="5" ci="0" mb="0" cb="0"/><line nr="270" mi="7" ci="0" mb="0" cb="0"/><line nr="272" mi="5" ci="0" mb="0" cb="0"/><line nr="273" mi="5" ci="0" mb="0" cb="0"/><line nr="274" mi="3" ci="0" mb="0" cb="0"/><line nr="275" mi="4" ci="0" mb="0" cb="0"/><line nr="276" mi="4" ci="0" mb="0" cb="0"/><line nr="277" mi="6" ci="0" mb="0" cb="0"/><line nr="279" mi="4" ci="0" mb="0" cb="0"/><line nr="280" mi="3" ci="0" mb="0" cb="0"/><line nr="281" mi="3" ci="0" mb="0" cb="0"/><line nr="282" mi="3" ci="0" mb="0" cb="0"/><line nr="283" mi="3" ci="0" mb="0" cb="0"/><line nr="284" mi="3" ci="0" mb="0" cb="0"/><line nr="285" mi="2" ci="0" mb="0" cb="0"/><line nr="286" mi="6" ci="0" mb="0" cb="0"/><line nr="288" mi="20" ci="0" mb="0" cb="0"/><line nr="289" mi="1" ci="0" mb="0" cb="0"/><line nr="290" mi="18" ci="0" mb="0" cb="0"/><line nr="292" mi="0" ci="1" mb="0" cb="0"/><line nr="295" mi="0" ci="4" mb="0" cb="0"/><line nr="296" mi="6" ci="9" mb="0" cb="0"/><line nr="297" mi="0" ci="2" mb="0" cb="0"/><line nr="306" mi="0" ci="3" mb="0" cb="0"/><line nr="307" mi="0" ci="4" mb="0" cb="2"/><line nr="309" mi="0" ci="3" mb="0" cb="0"/><line nr="310" mi="0" ci="2" mb="0" cb="0"/><line nr="311" mi="0" ci="5" mb="0" cb="0"/><line nr="313" mi="0" ci="5" mb="0" cb="0"/><line nr="314" mi="0" ci="5" mb="0" cb="0"/><line nr="316" mi="0" ci="4" mb="0" cb="0"/><line nr="317" mi="0" ci="3" mb="0" cb="0"/><line nr="318" mi="0" ci="4" mb="0" cb="0"/><line nr="321" mi="0" ci="4" mb="0" cb="0"/><line nr="322" mi="0" ci="3" mb="0" cb="0"/><line nr="323" mi="0" ci="3" mb="0" cb="0"/><line nr="324" mi="0" ci="3" mb="0" cb="0"/><line nr="325" mi="0" ci="3" mb="0" cb="0"/><line nr="326" mi="0" ci="3" mb="0" cb="0"/><line nr="327" mi="0" ci="2" mb="0" cb="0"/><line nr="329" mi="0" ci="6" mb="0" cb="0"/><line nr="330" mi="0" ci="6" mb="0" cb="0"/><line nr="331" mi="0" ci="6" mb="0" cb="0"/><line nr="332" mi="0" ci="6" mb="0" cb="0"/><line nr="333" mi="0" ci="6" mb="0" cb="0"/><line nr="335" mi="0" ci="7" mb="0" cb="0"/><line nr="336" mi="0" ci="5" mb="1" cb="1"/><line nr="338" mi="3" ci="6" mb="1" cb="1"/><line nr="339" mi="2" ci="7" mb="1" cb="1"/><line nr="340" mi="3" ci="6" mb="1" cb="1"/><line nr="341" mi="0" ci="5" mb="0" cb="0"/><line nr="342" mi="0" ci="7" mb="0" cb="0"/><line nr="344" mi="0" ci="5" mb="0" cb="0"/><line nr="345" mi="0" ci="5" mb="0" cb="0"/><line nr="346" mi="0" ci="3" mb="0" cb="0"/><line nr="347" mi="0" ci="4" mb="0" cb="0"/><line nr="348" mi="0" ci="6" mb="0" cb="0"/><line nr="350" mi="0" ci="4" mb="0" cb="0"/><line nr="351" mi="0" ci="3" mb="0" cb="0"/><line nr="352" mi="0" ci="3" mb="0" cb="0"/><line nr="353" mi="0" ci="6" mb="0" cb="0"/><line nr="355" mi="0" ci="4" mb="0" cb="0"/><line nr="356" mi="0" ci="6" mb="0" cb="0"/><line nr="358" mi="0" ci="6" mb="0" cb="0"/><line nr="360" mi="0" ci="4" mb="0" cb="0"/><line nr="361" mi="0" ci="3" mb="0" cb="0"/><line nr="362" mi="0" ci="3" mb="0" cb="0"/><line nr="363" mi="0" ci="3" mb="0" cb="0"/><line nr="364" mi="0" ci="3" mb="0" cb="0"/><line nr="365" mi="0" ci="3" mb="0" cb="0"/><line nr="366" mi="0" ci="2" mb="0" cb="0"/><line nr="367" mi="0" ci="6" mb="0" cb="0"/><line nr="369" mi="0" ci="19" mb="0" cb="0"/><line nr="370" mi="0" ci="1" mb="0" cb="0"/><line nr="371" mi="13" ci="0" mb="0" cb="0"/><line nr="373" mi="0" ci="1" mb="0" cb="0"/><line nr="385" mi="1" ci="9" mb="1" cb="1"/><line nr="386" mi="0" ci="4" mb="0" cb="0"/><line nr="387" mi="0" ci="11" mb="0" cb="2"/><line nr="388" mi="0" ci="3" mb="0" cb="2"/><line nr="389" mi="0" ci="11" mb="0" cb="0"/><line nr="391" mi="0" ci="9" mb="0" cb="0"/><line nr="392" mi="0" ci="9" mb="0" cb="0"/><line nr="394" mi="0" ci="1" mb="0" cb="0"/><line nr="395" mi="0" ci="2" mb="0" cb="0"/><line nr="400" mi="0" ci="4" mb="0" cb="0"/><line nr="401" mi="0" ci="3" mb="0" cb="0"/><line nr="402" mi="0" ci="3" mb="0" cb="0"/><line nr="403" mi="0" ci="2" mb="0" cb="0"/><line nr="411" mi="0" ci="3" mb="0" cb="0"/><line nr="412" mi="0" ci="5" mb="0" cb="2"/><line nr="415" mi="0" ci="3" mb="0" cb="0"/><line nr="416" mi="0" ci="2" mb="0" cb="0"/><line nr="418" mi="0" ci="3" mb="0" cb="0"/><line nr="419" mi="0" ci="4" mb="0" cb="0"/><line nr="422" mi="0" ci="6" mb="0" cb="0"/><line nr="423" mi="0" ci="6" mb="0" cb="0"/><line nr="424" mi="0" ci="3" mb="0" cb="0"/><line nr="425" mi="0" ci="4" mb="0" cb="0"/><line nr="426" mi="0" ci="6" mb="0" cb="0"/><line nr="429" mi="0" ci="4" mb="0" cb="0"/><line nr="430" mi="0" ci="3" mb="0" cb="0"/><line nr="431" mi="0" ci="3" mb="0" cb="0"/><line nr="432" mi="0" ci="3" mb="0" cb="0"/><line nr="433" mi="0" ci="3" mb="0" cb="0"/><line nr="434" mi="0" ci="3" mb="0" cb="0"/><line nr="435" mi="0" ci="2" mb="0" cb="0"/><line nr="436" mi="0" ci="6" mb="0" cb="0"/><line nr="439" mi="0" ci="4" mb="0" cb="0"/><line nr="440" mi="0" ci="3" mb="0" cb="0"/><line nr="441" mi="0" ci="3" mb="0" cb="0"/><line nr="442" mi="0" ci="3" mb="0" cb="0"/><line nr="443" mi="0" ci="3" mb="0" cb="0"/><line nr="444" mi="0" ci="6" mb="0" cb="0"/><line nr="445" mi="0" ci="2" mb="0" cb="0"/><line nr="447" mi="0" ci="4" mb="0" cb="0"/><line nr="448" mi="0" ci="6" mb="0" cb="0"/><line nr="450" mi="0" ci="6" mb="0" cb="0"/><line nr="451" mi="2" ci="7" mb="1" cb="1"/><line nr="452" mi="0" ci="19" mb="0" cb="0"/><line nr="453" mi="0" ci="1" mb="0" cb="0"/><line nr="454" mi="0" ci="3" mb="0" cb="0"/><line nr="455" mi="0" ci="2" mb="0" cb="0"/><line nr="457" mi="0" ci="3" mb="0" cb="0"/><line nr="458" mi="0" ci="4" mb="0" cb="0"/><line nr="460" mi="0" ci="4" mb="0" cb="0"/><line nr="461" mi="0" ci="6" mb="0" cb="0"/><line nr="462" mi="0" ci="6" mb="0" cb="0"/><line nr="463" mi="0" ci="6" mb="0" cb="0"/><line nr="466" mi="0" ci="4" mb="0" cb="0"/><line nr="467" mi="0" ci="3" mb="0" cb="0"/><line nr="468" mi="0" ci="3" mb="0" cb="0"/><line nr="469" mi="0" ci="3" mb="0" cb="0"/><line nr="470" mi="0" ci="3" mb="0" cb="0"/><line nr="471" mi="0" ci="3" mb="0" cb="0"/><line nr="472" mi="0" ci="6" mb="0" cb="0"/><line nr="473" mi="0" ci="2" mb="0" cb="0"/><line nr="475" mi="0" ci="4" mb="0" cb="0"/><line nr="476" mi="0" ci="3" mb="0" cb="0"/><line nr="477" mi="0" ci="3" mb="0" cb="0"/><line nr="478" mi="0" ci="6" mb="0" cb="0"/><line nr="480" mi="0" ci="2" mb="0" cb="0"/><line nr="482" mi="0" ci="4" mb="0" cb="0"/><line nr="483" mi="0" ci="6" mb="0" cb="0"/><line nr="485" mi="0" ci="6" mb="0" cb="0"/><line nr="486" mi="0" ci="7" mb="0" cb="0"/><line nr="488" mi="0" ci="1" mb="0" cb="0"/><line nr="493" mi="0" ci="5" mb="0" cb="0"/><line nr="498" mi="0" ci="5" mb="0" cb="0"/><line nr="503" mi="0" ci="5" mb="0" cb="0"/><line nr="508" mi="0" ci="4" mb="0" cb="0"/><line nr="513" mi="0" ci="4" mb="0" cb="0"/><line nr="514" mi="0" ci="4" mb="0" cb="0"/><line nr="515" mi="0" ci="2" mb="0" cb="0"/><line nr="521" mi="0" ci="4" mb="0" cb="0"/><line nr="526" mi="0" ci="4" mb="0" cb="0"/><line nr="532" mi="0" ci="4" mb="0" cb="0"/><line nr="537" mi="0" ci="4" mb="0" cb="0"/><line nr="543" mi="0" ci="6" mb="0" cb="0"/><line nr="552" mi="0" ci="2" mb="0" cb="0"/><line nr="553" mi="0" ci="2" mb="0" cb="0"/><line nr="554" mi="0" ci="3" mb="0" cb="0"/><line nr="555" mi="0" ci="3" mb="0" cb="0"/><line nr="556" mi="0" ci="2" mb="0" cb="0"/><line nr="557" mi="0" ci="1" mb="0" cb="0"/><line nr="562" mi="0" ci="3" mb="0" cb="0"/><line nr="563" mi="0" ci="1" mb="0" cb="0"/><counter type="INSTRUCTION" missed="217" covered="1078"/><counter type="BRANCH" missed="26" covered="40"/><counter type="LINE" missed="25" covered="239"/><counter type="COMPLEXITY" missed="26" covered="39"/><counter type="METHOD" missed="4" covered="28"/><counter type="CLASS" missed="0" covered="1"/></sourcefile><sourcefile name="RestTemplateInterceptor.java"><line nr="34" mi="3" ci="0" mb="0" cb="0"/><line nr="38" mi="5" ci="0" mb="0" cb="0"/><line nr="39" mi="5" ci="0" mb="0" cb="0"/><line nr="40" mi="2" ci="0" mb="0" cb="0"/><counter type="INSTRUCTION" missed="15" covered="0"/><counter type="LINE" missed="4" covered="0"/><counter type="COMPLEXITY" missed="2" covered="0"/><counter type="METHOD" missed="2" covered="0"/><counter type="CLASS" missed="1" covered="0"/></sourcefile><sourcefile name="AsyncConfiguration.java"><line nr="56" mi="0" ci="3" mb="0" cb="0"/><line nr="58" mi="0" ci="4" mb="0" cb="0"/><line nr="63" mi="0" ci="3" mb="0" cb="0"/><line nr="64" mi="0" ci="4" mb="0" cb="0"/><line nr="70" mi="3" ci="0" mb="0" cb="0"/><line nr="71" mi="4" ci="0" mb="0" cb="0"/><line nr="76" mi="0" ci="3" mb="0" cb="0"/><line nr="77" mi="0" ci="5" mb="0" cb="0"/><line nr="78" mi="0" ci="2" mb="0" cb="0"/><line nr="79" mi="0" ci="1" mb="0" cb="0"/><line nr="87" mi="0" ci="5" mb="0" cb="0"/><line nr="88" mi="0" ci="4" mb="0" cb="0"/><line nr="89" mi="0" ci="3" mb="0" cb="0"/><line nr="90" mi="0" ci="3" mb="0" cb="0"/><line nr="91" mi="0" ci="3" mb="0" cb="0"/><line nr="92" mi="0" ci="4" mb="0" cb="0"/><line nr="93" mi="0" ci="3" mb="0" cb="0"/><line nr="94" mi="0" ci="3" mb="0" cb="0"/><line nr="95" mi="0" ci="5" mb="0" cb="0"/><line nr="96" mi="0" ci="2" mb="1" cb="1"/><line nr="97" mi="0" ci="3" mb="0" cb="0"/><line nr="99" mi="0" ci="2" mb="0" cb="0"/><line nr="104" mi="0" ci="5" mb="0" cb="0"/><line nr="109" mi="0" ci="4" mb="0" cb="0"/><line nr="115" mi="0" ci="11" mb="0" cb="0"/><counter type="INSTRUCTION" missed="7" covered="85"/><counter type="BRANCH" missed="1" covered="1"/><counter type="LINE" missed="2" covered="23"/><counter type="COMPLEXITY" missed="2" covered="8"/><counter type="METHOD" missed="1" covered="8"/><counter type="CLASS" missed="0" covered="1"/></sourcefile><counter type="INSTRUCTION" missed="239" covered="1163"/><counter type="BRANCH" missed="27" covered="41"/><counter type="LINE" missed="31" covered="262"/><counter type="COMPLEXITY" missed="30" covered="47"/><counter type="METHOD" missed="7" covered="36"/><counter type="CLASS" missed="1" covered="2"/></package><package name="org/openwms/common/comm"><class name="org/openwms/common/comm/DriverStarter" sourcefilename="DriverStarter.java"><method name="&lt;init&gt;" desc="()V" line="27"><counter type="INSTRUCTION" missed="0" covered="3"/><counter type="LINE" missed="0" covered="1"/><counter type="COMPLEXITY" missed="0" covered="1"/><counter type="METHOD" missed="0" covered="1"/></method><method name="main" desc="([Ljava/lang/String;)V" line="35"><counter type="INSTRUCTION" missed="5" covered="0"/><counter type="LINE" missed="2" covered="0"/><counter type="COMPLEXITY" missed="1" covered="0"/><counter type="METHOD" missed="1" covered="0"/></method><counter type="INSTRUCTION" missed="5" covered="3"/><counter type="LINE" missed="2" covered="1"/><counter type="COMPLEXITY" missed="1" covered="1"/><counter type="METHOD" missed="1" covered="1"/><counter type="CLASS" missed="0" covered="1"/></class><sourcefile name="DriverStarter.java"><line nr="27" mi="0" ci="3" mb="0" cb="0"/><line nr="35" mi="4" ci="0" mb="0" cb="0"/><line nr="36" mi="1" ci="0" mb="0" cb="0"/><counter type="INSTRUCTION" missed="5" covered="3"/><counter type="LINE" missed="2" covered="1"/><counter type="COMPLEXITY" missed="1" covered="1"/><counter type="METHOD" missed="1" covered="1"/><counter type="CLASS" missed="0" covered="1"/></sourcefile><counter type="INSTRUCTION" missed="5" covered="3"/><counter type="LINE" missed="2" covered="1"/><counter type="COMPLEXITY" missed="1" covered="1"/><counter type="METHOD" missed="1" covered="1"/><counter type="CLASS" missed="0" covered="1"/></package><counter type="INSTRUCTION" missed="244" covered="1166"/><counter type="BRANCH" missed="27" covered="41"/><counter type="LINE" missed="33" covered="263"/><counter type="COMPLEXITY" missed="31" covered="48"/><counter type="METHOD" missed="8" covered="37"/><counter type="CLASS" missed="1" covered="3"/></report>