<?xml version="1.0" encoding="UTF-8" standalone="yes"?><!DOCTYPE report PUBLIC "-//JACOCO//DTD Report 1.1//EN" "report.dtd"><report name="OpenWMS.org COMMON: TCP/IP Driver OSIP"><sessioninfo id="fv-az1319-980-71288f75" start="1740052544838" dump="1740052556761"/><package name="org/openwms/common/comm/app"><class name="org/openwms/common/comm/app/AsyncConfiguration" sourcefilename="AsyncConfiguration.java"><method name="&lt;init&gt;" desc="()V" line="56"><counter type="INSTRUCTION" missed="0" covered="3"/><counter type="LINE" missed="0" covered="1"/><counter type="COMPLEXITY" missed="0" covered="1"/><counter type="METHOD" missed="0" covered="1"/></method><method name="messageConverter" desc="()Lorg/springframework/amqp/support/converter/MessageConverter;" line="63"><counter type="INSTRUCTION" missed="0" covered="7"/><counter type="LINE" missed="0" covered="2"/><counter type="COMPLEXITY" missed="0" covered="1"/><counter type="METHOD" missed="0" covered="1"/></method><method name="serializerMessageConverter" desc="()Lorg/springframework/amqp/support/converter/MessageConverter;" line="70"><counter type="INSTRUCTION" missed="7" covered="0"/><counter type="LINE" missed="2" covered="0"/><counter type="COMPLEXITY" missed="1" covered="0"/><counter type="METHOD" missed="1" covered="0"/></method><method name="statefulRetryOperationsInterceptor" desc="()Lorg/springframework/retry/interceptor/StatefulRetryOperationsInterceptor;" line="76"><counter type="INSTRUCTION" missed="0" covered="11"/><counter type="LINE" missed="0" covered="4"/><counter type="COMPLEXITY" missed="0" covered="1"/><counter type="METHOD" missed="0" covered="1"/></method><method name="rabbitTemplate" desc="(Lorg/springframework/amqp/rabbit/connection/ConnectionFactory;Lorg/springframework/beans/factory/ObjectProvider;Lorg/ameba/amqp/RabbitTemplateConfigurable;)Lorg/springframework/amqp/rabbit/core/RabbitTemplate;" line="87"><counter type="INSTRUCTION" missed="0" covered="40"/><counter type="BRANCH" missed="1" covered="1"/><counter type="LINE" missed="0" covered="12"/><counter type="COMPLEXITY" missed="1" covered="1"/><counter type="METHOD" missed="0" covered="1"/></method><method name="dlExchange" desc="(Ljava/lang/String;)Lorg/springframework/amqp/core/DirectExchange;" line="104"><counter type="INSTRUCTION" missed="0" covered="5"/><counter type="LINE" missed="0" covered="1"/><counter type="COMPLEXITY" missed="0" covered="1"/><counter type="METHOD" missed="0" covered="1"/></method><method name="dlq" desc="(Ljava/lang/String;)Lorg/springframework/amqp/core/Queue;" line="109"><counter type="INSTRUCTION" missed="0" covered="4"/><counter type="LINE" missed="0" covered="1"/><counter type="COMPLEXITY" missed="0" covered="1"/><counter type="METHOD" missed="0" covered="1"/></method><method name="DLQbinding" desc="(Ljava/lang/String;Ljava/lang/String;)Lorg/springframework/amqp/core/Binding;" line="115"><counter type="INSTRUCTION" missed="0" covered="11"/><counter type="LINE" missed="0" covered="1"/><counter type="COMPLEXITY" missed="0" covered="1"/><counter type="METHOD" missed="0" covered="1"/></method><method name="&lt;clinit&gt;" desc="()V" line="58"><counter type="INSTRUCTION" missed="0" covered="4"/><counter type="LINE" missed="0" covered="1"/><counter type="COMPLEXITY" missed="0" covered="1"/><counter type="METHOD" missed="0" covered="1"/></method><counter type="INSTRUCTION" missed="7" covered="85"/><counter type="BRANCH" missed="1" covered="1"/><counter type="LINE" missed="2" covered="23"/><counter type="COMPLEXITY" missed="2" covered="8"/><counter type="METHOD" missed="1" covered="8"/><counter type="CLASS" missed="0" covered="1"/></class><class name="org/openwms/common/comm/app/DriverConfiguration" sourcefilename="DriverConfiguration.java"><method name="&lt;init&gt;" desc="()V" line="83"><counter type="INSTRUCTION" missed="0" covered="3"/><counter type="LINE" missed="0" covered="1"/><counter type="COMPLEXITY" missed="0" covered="1"/><counter type="METHOD" missed="0" covered="1"/></method><method name="registerBean" desc="(Ljava/lang/String;Ljava/lang/Object;)V" line="96"><counter type="INSTRUCTION" missed="0" covered="7"/><counter type="LINE" missed="0" covered="2"/><counter type="COMPLEXITY" missed="0" covered="1"/><counter type="METHOD" missed="0" covered="1"/></method><method name="tcpReceivingChannelAdapter" desc="(Lorg/springframework/integration/ip/tcp/connection/AbstractConnectionFactory;Lorg/springframework/messaging/MessageChannel;)Lorg/springframework/integration/ip/tcp/TcpReceivingChannelAdapter;" line="101"><counter type="INSTRUCTION" missed="0" covered="12"/><counter type="LINE" missed="0" covered="4"/><counter type="COMPLEXITY" missed="0" covered="1"/><counter type="METHOD" missed="0" covered="1"/></method><method name="attachReceivingChannelAdapter" desc="(Lorg/openwms/common/comm/config/Subsystem;Lorg/springframework/messaging/MessageChannel;Lorg/springframework/integration/ip/tcp/connection/AbstractConnectionFactory;)V" line="110"><counter type="INSTRUCTION" missed="0" covered="18"/><counter type="LINE" missed="0" covered="4"/><counter type="COMPLEXITY" missed="0" covered="1"/><counter type="METHOD" missed="0" covered="1"/></method><method name="createSendingMessageHandler" desc="(Lorg/springframework/integration/ip/tcp/connection/AbstractConnectionFactory;)Lorg/springframework/integration/ip/tcp/TcpSendingMessageHandler;" line="117"><counter type="INSTRUCTION" missed="0" covered="12"/><counter type="LINE" missed="0" covered="4"/><counter type="COMPLEXITY" missed="0" covered="1"/><counter type="METHOD" missed="0" covered="1"/></method><method name="createClientConnectionFactory" desc="(Ljava/lang/String;ILorg/springframework/core/serializer/Serializer;Lorg/springframework/core/serializer/Deserializer;Ljava/lang/Integer;Ljava/lang/Integer;Ljava/lang/Integer;)Lorg/springframework/integration/ip/tcp/connection/AbstractClientConnectionFactory;" line="127"><counter type="INSTRUCTION" missed="4" covered="56"/><counter type="BRANCH" missed="3" covered="3"/><counter type="LINE" missed="1" covered="12"/><counter type="COMPLEXITY" missed="3" covered="1"/><counter type="METHOD" missed="0" covered="1"/></method><method name="createInboundServerConnectionFactory" desc="(Lorg/openwms/common/comm/config/Connections;Lorg/openwms/common/comm/config/Subsystem;Lorg/springframework/integration/ip/tcp/connection/TcpMessageMapper;Lorg/springframework/core/serializer/Serializer;Lorg/springframework/core/serializer/Deserializer;)Lorg/springframework/integration/ip/tcp/connection/AbstractServerConnectionFactory;" line="151"><counter type="INSTRUCTION" missed="2" covered="89"/><counter type="BRANCH" missed="3" covered="5"/><counter type="LINE" missed="0" covered="18"/><counter type="COMPLEXITY" missed="3" covered="2"/><counter type="METHOD" missed="0" covered="1"/></method><method name="createOutboundServerConnectionFactory" desc="(Lorg/openwms/common/comm/config/Connections;Ljava/lang/String;Lorg/openwms/common/comm/config/Subsystem$Outbound;Lorg/springframework/integration/ip/tcp/connection/TcpMessageMapper;Lorg/springframework/core/serializer/Serializer;Lorg/springframework/core/serializer/Deserializer;)Lorg/springframework/integration/ip/tcp/connection/AbstractServerConnectionFactory;" line="183"><counter type="INSTRUCTION" missed="8" covered="83"/><counter type="BRANCH" missed="5" covered="5"/><counter type="LINE" missed="1" covered="17"/><counter type="COMPLEXITY" missed="5" covered="1"/><counter type="METHOD" missed="0" covered="1"/></method><method name="createOutboundConnectionFactory" desc="(Lorg/openwms/common/comm/config/Subsystem$MODE;Ljava/lang/String;Lorg/openwms/common/comm/config/Connections;Lorg/openwms/common/comm/config/Subsystem$Duplex;Lorg/springframework/integration/ip/tcp/connection/TcpMessageMapper;Lorg/springframework/core/serializer/Serializer;Lorg/springframework/core/serializer/Deserializer;)Lorg/springframework/integration/ip/tcp/connection/AbstractConnectionFactory;" line="217"><counter type="INSTRUCTION" missed="0" covered="122"/><counter type="BRANCH" missed="0" covered="12"/><counter type="LINE" missed="0" covered="20"/><counter type="COMPLEXITY" missed="0" covered="7"/><counter type="METHOD" missed="0" covered="1"/></method><method name="setupInbound" desc="(Lorg/openwms/common/comm/config/Connections;Lorg/openwms/common/comm/config/Subsystem;Lorg/springframework/integration/ip/tcp/connection/TcpMessageMapper;Lorg/springframework/messaging/MessageChannel;Lorg/springframework/scheduling/TaskScheduler;Lorg/springframework/core/serializer/Serializer;Lorg/springframework/core/serializer/Deserializer;)V" line="255"><counter type="INSTRUCTION" missed="136" covered="38"/><counter type="BRANCH" missed="9" covered="1"/><counter type="LINE" missed="22" covered="9"/><counter type="COMPLEXITY" missed="5" covered="1"/><counter type="METHOD" missed="0" covered="1"/></method><method name="createInterceptorChain" desc="()Lorg/springframework/integration/ip/tcp/connection/TcpConnectionInterceptorFactoryChain;" line="294"><counter type="INSTRUCTION" missed="0" covered="15"/><counter type="LINE" missed="0" covered="3"/><counter type="COMPLEXITY" missed="0" covered="1"/><counter type="METHOD" missed="0" covered="1"/></method><method name="setupOutbound" desc="(Lorg/openwms/common/comm/config/Connections;Lorg/openwms/common/comm/config/Subsystem;Lorg/springframework/integration/ip/tcp/connection/TcpMessageMapper;Lorg/openwms/common/comm/app/Channels;Lorg/springframework/scheduling/TaskScheduler;Lorg/springframework/core/serializer/Serializer;Lorg/springframework/core/serializer/Deserializer;)V" line="305"><counter type="INSTRUCTION" missed="21" covered="235"/><counter type="BRANCH" missed="4" covered="6"/><counter type="LINE" missed="1" covered="52"/><counter type="COMPLEXITY" missed="4" covered="2"/><counter type="METHOD" missed="0" covered="1"/></method><method name="channels" desc="(Lorg/openwms/common/comm/config/Connections;Lorg/springframework/integration/ip/tcp/connection/TcpMessageMapper;Lorg/springframework/messaging/MessageChannel;Lorg/springframework/core/serializer/Serializer;Lorg/springframework/core/serializer/Deserializer;Lorg/springframework/scheduling/TaskScheduler;Ljava/lang/String;)Lorg/openwms/common/comm/app/Channels;" line="384"><counter type="INSTRUCTION" missed="1" covered="59"/><counter type="BRANCH" missed="1" covered="5"/><counter type="LINE" missed="0" covered="9"/><counter type="COMPLEXITY" missed="1" covered="3"/><counter type="METHOD" missed="0" covered="1"/></method><method name="threadPoolTaskScheduler" desc="()Lorg/springframework/scheduling/concurrent/ThreadPoolTaskScheduler;" line="399"><counter type="INSTRUCTION" missed="0" covered="12"/><counter type="LINE" missed="0" covered="4"/><counter type="COMPLEXITY" missed="0" covered="1"/><counter type="METHOD" missed="0" covered="1"/></method><method name="setupDuplex" desc="(Lorg/openwms/common/comm/config/Connections;Lorg/openwms/common/comm/config/Subsystem;Lorg/springframework/integration/ip/tcp/connection/TcpMessageMapper;Lorg/springframework/messaging/MessageChannel;Lorg/openwms/common/comm/app/Channels;Lorg/springframework/scheduling/TaskScheduler;Lorg/springframework/core/serializer/Serializer;Lorg/springframework/core/serializer/Deserializer;)V" line="410"><counter type="INSTRUCTION" missed="2" covered="242"/><counter type="BRANCH" missed="1" covered="3"/><counter type="LINE" missed="0" covered="58"/><counter type="COMPLEXITY" missed="1" covered="2"/><counter type="METHOD" missed="0" covered="1"/></method><method name="commonExceptionChannel" desc="()Lorg/springframework/messaging/MessageChannel;" line="492"><counter type="INSTRUCTION" missed="0" covered="5"/><counter type="LINE" missed="0" covered="1"/><counter type="COMPLEXITY" missed="0" covered="1"/><counter type="METHOD" missed="0" covered="1"/></method><method name="transformerOutputChannel" desc="()Lorg/springframework/messaging/MessageChannel;" line="497"><counter type="INSTRUCTION" missed="0" covered="5"/><counter type="LINE" missed="0" covered="1"/><counter type="COMPLEXITY" missed="0" covered="1"/><counter type="METHOD" missed="0" covered="1"/></method><method name="inboundChannel" desc="()Lorg/springframework/messaging/MessageChannel;" line="502"><counter type="INSTRUCTION" missed="0" covered="5"/><counter type="LINE" missed="0" covered="1"/><counter type="COMPLEXITY" missed="0" covered="1"/><counter type="METHOD" missed="0" covered="1"/></method><method name="outboundChannel" desc="()Lorg/springframework/messaging/MessageChannel;" line="507"><counter type="INSTRUCTION" missed="0" covered="4"/><counter type="LINE" missed="0" covered="1"/><counter type="COMPLEXITY" missed="0" covered="1"/><counter type="METHOD" missed="0" covered="1"/></method><method name="createEnrichedOutboundChannel" desc="(Lorg/springframework/integration/handler/AbstractMessageHandler;)Lorg/springframework/integration/channel/DirectChannel;" line="512"><counter type="INSTRUCTION" missed="0" covered="10"/><counter type="LINE" missed="0" covered="3"/><counter type="COMPLEXITY" missed="0" covered="1"/><counter type="METHOD" missed="0" covered="1"/></method><method name="serializer" desc="()Lorg/springframework/core/serializer/Serializer;" line="520"><counter type="INSTRUCTION" missed="0" covered="4"/><counter type="LINE" missed="0" covered="1"/><counter type="COMPLEXITY" missed="0" covered="1"/><counter type="METHOD" missed="0" covered="1"/></method><method name="deserializer" desc="()Lorg/springframework/core/serializer/Deserializer;" line="525"><counter type="INSTRUCTION" missed="0" covered="4"/><counter type="LINE" missed="0" covered="1"/><counter type="COMPLEXITY" missed="0" covered="1"/><counter type="METHOD" missed="0" covered="1"/></method><method name="tcpMessageMapper" desc="()Lorg/springframework/integration/ip/tcp/connection/TcpMessageMapper;" line="531"><counter type="INSTRUCTION" missed="0" covered="4"/><counter type="LINE" missed="0" covered="1"/><counter type="COMPLEXITY" missed="0" covered="1"/><counter type="METHOD" missed="0" covered="1"/></method><method name="byteArrayMessageConverter" desc="()Lorg/springframework/messaging/converter/ByteArrayMessageConverter;" line="536"><counter type="INSTRUCTION" missed="0" covered="4"/><counter type="LINE" missed="0" covered="1"/><counter type="COMPLEXITY" missed="0" covered="1"/><counter type="METHOD" missed="0" covered="1"/></method><method name="telegramTransformer" desc="(Ljava/util/List;Lorg/openwms/common/comm/TelegramResolver;)Lorg/openwms/common/comm/transformer/tcp/Transformable;" line="542"><counter type="INSTRUCTION" missed="0" covered="6"/><counter type="LINE" missed="0" covered="1"/><counter type="COMPLEXITY" missed="0" covered="1"/><counter type="METHOD" missed="0" covered="1"/></method><method name="inboundFlow" desc="(Lorg/springframework/messaging/MessageChannel;Lorg/springframework/messaging/MessageChannel;Lorg/openwms/common/comm/transformer/tcp/Transformable;)Lorg/springframework/integration/dsl/IntegrationFlow;" line="551"><counter type="INSTRUCTION" missed="0" covered="13"/><counter type="LINE" missed="0" covered="6"/><counter type="COMPLEXITY" missed="0" covered="1"/><counter type="METHOD" missed="0" covered="1"/></method><method name="setApplicationEventPublisher" desc="(Lorg/springframework/context/ApplicationEventPublisher;)V" line="561"><counter type="INSTRUCTION" missed="0" covered="4"/><counter type="LINE" missed="0" covered="2"/><counter type="COMPLEXITY" missed="0" covered="1"/><counter type="METHOD" missed="0" covered="1"/></method><method name="lambda$createInterceptorChain$3" desc="()Lorg/springframework/integration/ip/tcp/connection/TcpConnectionInterceptorSupport;" line="295"><counter type="INSTRUCTION" missed="6" covered="0"/><counter type="LINE" missed="1" covered="0"/><counter type="COMPLEXITY" missed="1" covered="0"/><counter type="METHOD" missed="1" covered="0"/></method><method name="lambda$createOutboundConnectionFactory$2" desc="(Ljava/lang/String;)Lorg/openwms/common/comm/app/ConfigurationException;" line="218"><counter type="INSTRUCTION" missed="12" covered="0"/><counter type="LINE" missed="1" covered="0"/><counter type="COMPLEXITY" missed="1" covered="0"/><counter type="METHOD" missed="1" covered="0"/></method><method name="lambda$createOutboundServerConnectionFactory$1" desc="(Ljava/lang/String;)Lorg/openwms/common/comm/app/ConfigurationException;" line="183"><counter type="INSTRUCTION" missed="12" covered="0"/><counter type="LINE" missed="1" covered="0"/><counter type="COMPLEXITY" missed="1" covered="0"/><counter type="METHOD" missed="1" covered="0"/></method><method name="lambda$createInboundServerConnectionFactory$0" desc="(Lorg/openwms/common/comm/config/Subsystem;)Lorg/openwms/common/comm/app/ConfigurationException;" line="152"><counter type="INSTRUCTION" missed="13" covered="0"/><counter type="LINE" missed="1" covered="0"/><counter type="COMPLEXITY" missed="1" covered="0"/><counter type="METHOD" missed="1" covered="0"/></method><method name="&lt;clinit&gt;" desc="()V" line="85"><counter type="INSTRUCTION" missed="0" covered="7"/><counter type="LINE" missed="0" covered="2"/><counter type="COMPLEXITY" missed="0" covered="1"/><counter type="METHOD" missed="0" covered="1"/></method><counter type="INSTRUCTION" missed="217" covered="1078"/><counter type="BRANCH" missed="26" covered="40"/><counter type="LINE" missed="25" covered="239"/><counter type="COMPLEXITY" missed="26" covered="39"/><counter type="METHOD" missed="4" covered="28"/><counter type="CLASS" missed="0" covered="1"/></class><class name="org/openwms/common/comm/app/RestTemplateInterceptor" sourcefilename="RestTemplateInterceptor.java"><method name="&lt;init&gt;" desc="()V" line="34"><counter type="INSTRUCTION" missed="3" covered="0"/><counter type="LINE" missed="1" covered="0"/><counter type="COMPLEXITY" missed="1" covered="0"/><counter type="METHOD" missed="1" covered="0"/></method><method name="intercept" desc="(Lorg/springframework/http/HttpRequest;[BLorg/springframework/http/client/ClientHttpRequestExecution;)Lorg/springframework/http/client/ClientHttpResponse;" line="38"><counter type="INSTRUCTION" missed="12" covered="0"/><counter type="LINE" missed="3" covered="0"/><counter type="COMPLEXITY" missed="1" covered="0"/><counter type="METHOD" missed="1" covered="0"/></method><counter type="INSTRUCTION" missed="15" covered="0"/><counter type="LINE" missed="4" covered="0"/><counter type="COMPLEXITY" missed="2" covered="0"/><counter type="METHOD" missed="2" covered="0"/><counter type="CLASS" missed="1" covered="0"/></class><sourcefile name="DriverConfiguration.java"><line nr="83" mi="0" ci="3" mb="0" cb="0"/><line nr="85" mi="0" ci="3" mb="0" cb="0"/><line nr="86" mi="0" ci="4" mb="0" cb="0"/><line nr="96" mi="0" ci="6" mb="0" cb="0"/><line nr="97" mi="0" ci="1" mb="0" cb="0"/><line nr="101" mi="0" ci="4" mb="0" cb="0"/><line nr="102" mi="0" ci="3" mb="0" cb="0"/><line nr="103" mi="0" ci="3" mb="0" cb="0"/><line nr="104" mi="0" ci="2" mb="0" cb="0"/><line nr="110" mi="0" ci="5" mb="0" cb="0"/><line nr="111" mi="0" ci="6" mb="0" cb="0"/><line nr="112" mi="0" ci="6" mb="0" cb="0"/><line nr="113" mi="0" ci="1" mb="0" cb="0"/><line nr="117" mi="0" ci="4" mb="0" cb="0"/><line nr="118" mi="0" ci="3" mb="0" cb="0"/><line nr="119" mi="0" ci="3" mb="0" cb="0"/><line nr="120" mi="0" ci="2" mb="0" cb="0"/><line nr="127" mi="0" ci="6" mb="0" cb="0"/><line nr="128" mi="0" ci="3" mb="0" cb="0"/><line nr="129" mi="0" ci="3" mb="0" cb="0"/><line nr="130" mi="0" ci="2" mb="1" cb="1"/><line nr="131" mi="0" ci="4" mb="0" cb="0"/><line nr="133" mi="0" ci="2" mb="1" cb="1"/><line nr="134" mi="4" ci="0" mb="0" cb="0"/><line nr="136" mi="0" ci="2" mb="1" cb="1"/><line nr="137" mi="0" ci="4" mb="0" cb="0"/><line nr="139" mi="0" ci="12" mb="0" cb="0"/><line nr="140" mi="0" ci="14" mb="0" cb="0"/><line nr="141" mi="0" ci="2" mb="0" cb="0"/><line nr="142" mi="0" ci="2" mb="0" cb="0"/><line nr="151" mi="0" ci="3" mb="0" cb="0"/><line nr="152" mi="13" ci="8" mb="0" cb="0"/><line nr="154" mi="0" ci="6" mb="0" cb="0"/><line nr="155" mi="0" ci="4" mb="0" cb="0"/><line nr="156" mi="0" ci="3" mb="0" cb="0"/><line nr="157" mi="0" ci="3" mb="0" cb="0"/><line nr="158" mi="0" ci="3" mb="0" cb="0"/><line nr="159" mi="0" ci="3" mb="0" cb="0"/><line nr="160" mi="0" ci="4" mb="0" cb="0"/><line nr="162" mi="2" ci="7" mb="1" cb="1"/><line nr="163" mi="0" ci="2" mb="1" cb="1"/><line nr="164" mi="0" ci="4" mb="0" cb="0"/><line nr="167" mi="0" ci="9" mb="0" cb="2"/><line nr="168" mi="0" ci="2" mb="1" cb="1"/><line nr="169" mi="0" ci="4" mb="0" cb="0"/><line nr="171" mi="0" ci="8" mb="0" cb="0"/><line nr="172" mi="0" ci="14" mb="0" cb="0"/><line nr="173" mi="0" ci="2" mb="0" cb="0"/><line nr="183" mi="12" ci="8" mb="0" cb="0"/><line nr="185" mi="0" ci="6" mb="0" cb="0"/><line nr="186" mi="0" ci="3" mb="1" cb="1"/><line nr="187" mi="4" ci="0" mb="0" cb="0"/><line nr="189" mi="0" ci="3" mb="0" cb="0"/><line nr="190" mi="0" ci="3" mb="0" cb="0"/><line nr="191" mi="0" ci="3" mb="0" cb="0"/><line nr="192" mi="0" ci="3" mb="0" cb="0"/><line nr="193" mi="0" ci="4" mb="0" cb="0"/><line nr="195" mi="2" ci="7" mb="1" cb="1"/><line nr="196" mi="0" ci="2" mb="1" cb="1"/><line nr="197" mi="0" ci="4" mb="0" cb="0"/><line nr="200" mi="2" ci="7" mb="1" cb="1"/><line nr="201" mi="0" ci="2" mb="1" cb="1"/><line nr="202" mi="0" ci="4" mb="0" cb="0"/><line nr="204" mi="0" ci="8" mb="0" cb="0"/><line nr="205" mi="0" ci="14" mb="0" cb="0"/><line nr="206" mi="0" ci="2" mb="0" cb="0"/><line nr="217" mi="0" ci="9" mb="0" cb="2"/><line nr="218" mi="12" ci="8" mb="0" cb="0"/><line nr="219" mi="0" ci="3" mb="0" cb="2"/><line nr="220" mi="0" ci="6" mb="0" cb="0"/><line nr="221" mi="0" ci="7" mb="0" cb="0"/><line nr="223" mi="0" ci="2" mb="0" cb="0"/><line nr="224" mi="0" ci="8" mb="0" cb="2"/><line nr="227" mi="0" ci="2" mb="0" cb="0"/><line nr="228" mi="0" ci="9" mb="0" cb="2"/><line nr="231" mi="0" ci="2" mb="0" cb="0"/><line nr="232" mi="0" ci="9" mb="0" cb="2"/><line nr="235" mi="0" ci="2" mb="0" cb="0"/><line nr="236" mi="0" ci="9" mb="0" cb="2"/><line nr="239" mi="0" ci="3" mb="0" cb="0"/><line nr="240" mi="0" ci="3" mb="0" cb="0"/><line nr="241" mi="0" ci="3" mb="0" cb="0"/><line nr="242" mi="0" ci="4" mb="0" cb="0"/><line nr="243" mi="0" ci="16" mb="0" cb="0"/><line nr="244" mi="0" ci="15" mb="0" cb="0"/><line nr="246" mi="0" ci="2" mb="0" cb="0"/><line nr="255" mi="0" ci="3" mb="0" cb="0"/><line nr="256" mi="0" ci="4" mb="1" cb="1"/><line nr="258" mi="0" ci="8" mb="0" cb="0"/><line nr="259" mi="0" ci="5" mb="0" cb="0"/><line nr="260" mi="0" ci="4" mb="0" cb="0"/><line nr="261" mi="0" ci="5" mb="0" cb="0"/><line nr="262" mi="0" ci="7" mb="0" cb="0"/><line nr="263" mi="4" ci="1" mb="2" cb="0"/><line nr="265" mi="9" ci="0" mb="2" cb="0"/><line nr="266" mi="9" ci="0" mb="2" cb="0"/><line nr="267" mi="9" ci="0" mb="2" cb="0"/><line nr="268" mi="5" ci="0" mb="0" cb="0"/><line nr="269" mi="7" ci="0" mb="0" cb="0"/><line nr="271" mi="5" ci="0" mb="0" cb="0"/><line nr="272" mi="5" ci="0" mb="0" cb="0"/><line nr="273" mi="3" ci="0" mb="0" cb="0"/><line nr="274" mi="4" ci="0" mb="0" cb="0"/><line nr="275" mi="4" ci="0" mb="0" cb="0"/><line nr="276" mi="6" ci="0" mb="0" cb="0"/><line nr="278" mi="4" ci="0" mb="0" cb="0"/><line nr="279" mi="3" ci="0" mb="0" cb="0"/><line nr="280" mi="3" ci="0" mb="0" cb="0"/><line nr="281" mi="3" ci="0" mb="0" cb="0"/><line nr="282" mi="3" ci="0" mb="0" cb="0"/><line nr="283" mi="3" ci="0" mb="0" cb="0"/><line nr="284" mi="2" ci="0" mb="0" cb="0"/><line nr="285" mi="6" ci="0" mb="0" cb="0"/><line nr="287" mi="20" ci="0" mb="0" cb="0"/><line nr="288" mi="1" ci="0" mb="0" cb="0"/><line nr="289" mi="18" ci="0" mb="0" cb="0"/><line nr="291" mi="0" ci="1" mb="0" cb="0"/><line nr="294" mi="0" ci="4" mb="0" cb="0"/><line nr="295" mi="6" ci="9" mb="0" cb="0"/><line nr="296" mi="0" ci="2" mb="0" cb="0"/><line nr="305" mi="0" ci="3" mb="0" cb="0"/><line nr="306" mi="0" ci="4" mb="0" cb="2"/><line nr="308" mi="0" ci="3" mb="0" cb="0"/><line nr="309" mi="0" ci="2" mb="0" cb="0"/><line nr="310" mi="0" ci="5" mb="0" cb="0"/><line nr="312" mi="0" ci="5" mb="0" cb="0"/><line nr="313" mi="0" ci="5" mb="0" cb="0"/><line nr="315" mi="0" ci="4" mb="0" cb="0"/><line nr="316" mi="0" ci="3" mb="0" cb="0"/><line nr="317" mi="0" ci="4" mb="0" cb="0"/><line nr="320" mi="0" ci="4" mb="0" cb="0"/><line nr="321" mi="0" ci="3" mb="0" cb="0"/><line nr="322" mi="0" ci="3" mb="0" cb="0"/><line nr="323" mi="0" ci="3" mb="0" cb="0"/><line nr="324" mi="0" ci="3" mb="0" cb="0"/><line nr="325" mi="0" ci="3" mb="0" cb="0"/><line nr="326" mi="0" ci="2" mb="0" cb="0"/><line nr="328" mi="0" ci="6" mb="0" cb="0"/><line nr="329" mi="0" ci="6" mb="0" cb="0"/><line nr="330" mi="0" ci="6" mb="0" cb="0"/><line nr="331" mi="0" ci="6" mb="0" cb="0"/><line nr="332" mi="0" ci="6" mb="0" cb="0"/><line nr="334" mi="0" ci="7" mb="0" cb="0"/><line nr="335" mi="0" ci="5" mb="1" cb="1"/><line nr="337" mi="3" ci="6" mb="1" cb="1"/><line nr="338" mi="2" ci="7" mb="1" cb="1"/><line nr="339" mi="3" ci="6" mb="1" cb="1"/><line nr="340" mi="0" ci="5" mb="0" cb="0"/><line nr="341" mi="0" ci="7" mb="0" cb="0"/><line nr="343" mi="0" ci="5" mb="0" cb="0"/><line nr="344" mi="0" ci="5" mb="0" cb="0"/><line nr="345" mi="0" ci="3" mb="0" cb="0"/><line nr="346" mi="0" ci="4" mb="0" cb="0"/><line nr="347" mi="0" ci="6" mb="0" cb="0"/><line nr="349" mi="0" ci="4" mb="0" cb="0"/><line nr="350" mi="0" ci="3" mb="0" cb="0"/><line nr="351" mi="0" ci="3" mb="0" cb="0"/><line nr="352" mi="0" ci="6" mb="0" cb="0"/><line nr="354" mi="0" ci="4" mb="0" cb="0"/><line nr="355" mi="0" ci="6" mb="0" cb="0"/><line nr="357" mi="0" ci="6" mb="0" cb="0"/><line nr="359" mi="0" ci="4" mb="0" cb="0"/><line nr="360" mi="0" ci="3" mb="0" cb="0"/><line nr="361" mi="0" ci="3" mb="0" cb="0"/><line nr="362" mi="0" ci="3" mb="0" cb="0"/><line nr="363" mi="0" ci="3" mb="0" cb="0"/><line nr="364" mi="0" ci="3" mb="0" cb="0"/><line nr="365" mi="0" ci="2" mb="0" cb="0"/><line nr="366" mi="0" ci="6" mb="0" cb="0"/><line nr="368" mi="0" ci="19" mb="0" cb="0"/><line nr="369" mi="0" ci="1" mb="0" cb="0"/><line nr="370" mi="13" ci="0" mb="0" cb="0"/><line nr="372" mi="0" ci="1" mb="0" cb="0"/><line nr="384" mi="1" ci="9" mb="1" cb="1"/><line nr="385" mi="0" ci="4" mb="0" cb="0"/><line nr="386" mi="0" ci="11" mb="0" cb="2"/><line nr="387" mi="0" ci="3" mb="0" cb="2"/><line nr="388" mi="0" ci="11" mb="0" cb="0"/><line nr="390" mi="0" ci="9" mb="0" cb="0"/><line nr="391" mi="0" ci="9" mb="0" cb="0"/><line nr="393" mi="0" ci="1" mb="0" cb="0"/><line nr="394" mi="0" ci="2" mb="0" cb="0"/><line nr="399" mi="0" ci="4" mb="0" cb="0"/><line nr="400" mi="0" ci="3" mb="0" cb="0"/><line nr="401" mi="0" ci="3" mb="0" cb="0"/><line nr="402" mi="0" ci="2" mb="0" cb="0"/><line nr="410" mi="0" ci="3" mb="0" cb="0"/><line nr="411" mi="0" ci="5" mb="0" cb="2"/><line nr="414" mi="0" ci="3" mb="0" cb="0"/><line nr="415" mi="0" ci="2" mb="0" cb="0"/><line nr="417" mi="0" ci="3" mb="0" cb="0"/><line nr="418" mi="0" ci="4" mb="0" cb="0"/><line nr="421" mi="0" ci="6" mb="0" cb="0"/><line nr="422" mi="0" ci="6" mb="0" cb="0"/><line nr="423" mi="0" ci="3" mb="0" cb="0"/><line nr="424" mi="0" ci="4" mb="0" cb="0"/><line nr="425" mi="0" ci="6" mb="0" cb="0"/><line nr="428" mi="0" ci="4" mb="0" cb="0"/><line nr="429" mi="0" ci="3" mb="0" cb="0"/><line nr="430" mi="0" ci="3" mb="0" cb="0"/><line nr="431" mi="0" ci="3" mb="0" cb="0"/><line nr="432" mi="0" ci="3" mb="0" cb="0"/><line nr="433" mi="0" ci="3" mb="0" cb="0"/><line nr="434" mi="0" ci="2" mb="0" cb="0"/><line nr="435" mi="0" ci="6" mb="0" cb="0"/><line nr="438" mi="0" ci="4" mb="0" cb="0"/><line nr="439" mi="0" ci="3" mb="0" cb="0"/><line nr="440" mi="0" ci="3" mb="0" cb="0"/><line nr="441" mi="0" ci="3" mb="0" cb="0"/><line nr="442" mi="0" ci="3" mb="0" cb="0"/><line nr="443" mi="0" ci="6" mb="0" cb="0"/><line nr="444" mi="0" ci="2" mb="0" cb="0"/><line nr="446" mi="0" ci="4" mb="0" cb="0"/><line nr="447" mi="0" ci="6" mb="0" cb="0"/><line nr="449" mi="0" ci="6" mb="0" cb="0"/><line nr="450" mi="2" ci="7" mb="1" cb="1"/><line nr="451" mi="0" ci="19" mb="0" cb="0"/><line nr="452" mi="0" ci="1" mb="0" cb="0"/><line nr="453" mi="0" ci="3" mb="0" cb="0"/><line nr="454" mi="0" ci="2" mb="0" cb="0"/><line nr="456" mi="0" ci="3" mb="0" cb="0"/><line nr="457" mi="0" ci="4" mb="0" cb="0"/><line nr="459" mi="0" ci="4" mb="0" cb="0"/><line nr="460" mi="0" ci="6" mb="0" cb="0"/><line nr="461" mi="0" ci="6" mb="0" cb="0"/><line nr="462" mi="0" ci="6" mb="0" cb="0"/><line nr="465" mi="0" ci="4" mb="0" cb="0"/><line nr="466" mi="0" ci="3" mb="0" cb="0"/><line nr="467" mi="0" ci="3" mb="0" cb="0"/><line nr="468" mi="0" ci="3" mb="0" cb="0"/><line nr="469" mi="0" ci="3" mb="0" cb="0"/><line nr="470" mi="0" ci="3" mb="0" cb="0"/><line nr="471" mi="0" ci="6" mb="0" cb="0"/><line nr="472" mi="0" ci="2" mb="0" cb="0"/><line nr="474" mi="0" ci="4" mb="0" cb="0"/><line nr="475" mi="0" ci="3" mb="0" cb="0"/><line nr="476" mi="0" ci="3" mb="0" cb="0"/><line nr="477" mi="0" ci="6" mb="0" cb="0"/><line nr="479" mi="0" ci="2" mb="0" cb="0"/><line nr="481" mi="0" ci="4" mb="0" cb="0"/><line nr="482" mi="0" ci="6" mb="0" cb="0"/><line nr="484" mi="0" ci="6" mb="0" cb="0"/><line nr="485" mi="0" ci="7" mb="0" cb="0"/><line nr="487" mi="0" ci="1" mb="0" cb="0"/><line nr="492" mi="0" ci="5" mb="0" cb="0"/><line nr="497" mi="0" ci="5" mb="0" cb="0"/><line nr="502" mi="0" ci="5" mb="0" cb="0"/><line nr="507" mi="0" ci="4" mb="0" cb="0"/><line nr="512" mi="0" ci="4" mb="0" cb="0"/><line nr="513" mi="0" ci="4" mb="0" cb="0"/><line nr="514" mi="0" ci="2" mb="0" cb="0"/><line nr="520" mi="0" ci="4" mb="0" cb="0"/><line nr="525" mi="0" ci="4" mb="0" cb="0"/><line nr="531" mi="0" ci="4" mb="0" cb="0"/><line nr="536" mi="0" ci="4" mb="0" cb="0"/><line nr="542" mi="0" ci="6" mb="0" cb="0"/><line nr="551" mi="0" ci="2" mb="0" cb="0"/><line nr="552" mi="0" ci="2" mb="0" cb="0"/><line nr="553" mi="0" ci="3" mb="0" cb="0"/><line nr="554" mi="0" ci="3" mb="0" cb="0"/><line nr="555" mi="0" ci="2" mb="0" cb="0"/><line nr="556" mi="0" ci="1" mb="0" cb="0"/><line nr="561" mi="0" ci="3" mb="0" cb="0"/><line nr="562" mi="0" ci="1" mb="0" cb="0"/><counter type="INSTRUCTION" missed="217" covered="1078"/><counter type="BRANCH" missed="26" covered="40"/><counter type="LINE" missed="25" covered="239"/><counter type="COMPLEXITY" missed="26" covered="39"/><counter type="METHOD" missed="4" covered="28"/><counter type="CLASS" missed="0" covered="1"/></sourcefile><sourcefile name="RestTemplateInterceptor.java"><line nr="34" mi="3" ci="0" mb="0" cb="0"/><line nr="38" mi="5" ci="0" mb="0" cb="0"/><line nr="39" mi="5" ci="0" mb="0" cb="0"/><line nr="40" mi="2" ci="0" mb="0" cb="0"/><counter type="INSTRUCTION" missed="15" covered="0"/><counter type="LINE" missed="4" covered="0"/><counter type="COMPLEXITY" missed="2" covered="0"/><counter type="METHOD" missed="2" covered="0"/><counter type="CLASS" missed="1" covered="0"/></sourcefile><sourcefile name="AsyncConfiguration.java"><line nr="56" mi="0" ci="3" mb="0" cb="0"/><line nr="58" mi="0" ci="4" mb="0" cb="0"/><line nr="63" mi="0" ci="3" mb="0" cb="0"/><line nr="64" mi="0" ci="4" mb="0" cb="0"/><line nr="70" mi="3" ci="0" mb="0" cb="0"/><line nr="71" mi="4" ci="0" mb="0" cb="0"/><line nr="76" mi="0" ci="3" mb="0" cb="0"/><line nr="77" mi="0" ci="5" mb="0" cb="0"/><line nr="78" mi="0" ci="2" mb="0" cb="0"/><line nr="79" mi="0" ci="1" mb="0" cb="0"/><line nr="87" mi="0" ci="5" mb="0" cb="0"/><line nr="88" mi="0" ci="4" mb="0" cb="0"/><line nr="89" mi="0" ci="3" mb="0" cb="0"/><line nr="90" mi="0" ci="3" mb="0" cb="0"/><line nr="91" mi="0" ci="3" mb="0" cb="0"/><line nr="92" mi="0" ci="4" mb="0" cb="0"/><line nr="93" mi="0" ci="3" mb="0" cb="0"/><line nr="94" mi="0" ci="3" mb="0" cb="0"/><line nr="95" mi="0" ci="5" mb="0" cb="0"/><line nr="96" mi="0" ci="2" mb="1" cb="1"/><line nr="97" mi="0" ci="3" mb="0" cb="0"/><line nr="99" mi="0" ci="2" mb="0" cb="0"/><line nr="104" mi="0" ci="5" mb="0" cb="0"/><line nr="109" mi="0" ci="4" mb="0" cb="0"/><line nr="115" mi="0" ci="11" mb="0" cb="0"/><counter type="INSTRUCTION" missed="7" covered="85"/><counter type="BRANCH" missed="1" covered="1"/><counter type="LINE" missed="2" covered="23"/><counter type="COMPLEXITY" missed="2" covered="8"/><counter type="METHOD" missed="1" covered="8"/><counter type="CLASS" missed="0" covered="1"/></sourcefile><counter type="INSTRUCTION" missed="239" covered="1163"/><counter type="BRANCH" missed="27" covered="41"/><counter type="LINE" missed="31" covered="262"/><counter type="COMPLEXITY" missed="30" covered="47"/><counter type="METHOD" missed="7" covered="36"/><counter type="CLASS" missed="1" covered="2"/></package><package name="org/openwms/common/comm"><class name="org/openwms/common/comm/DriverStarter" sourcefilename="DriverStarter.java"><method name="&lt;init&gt;" desc="()V" line="27"><counter type="INSTRUCTION" missed="0" covered="3"/><counter type="LINE" missed="0" covered="1"/><counter type="COMPLEXITY" missed="0" covered="1"/><counter type="METHOD" missed="0" covered="1"/></method><method name="main" desc="([Ljava/lang/String;)V" line="35"><counter type="INSTRUCTION" missed="5" covered="0"/><counter type="LINE" missed="2" covered="0"/><counter type="COMPLEXITY" missed="1" covered="0"/><counter type="METHOD" missed="1" covered="0"/></method><counter type="INSTRUCTION" missed="5" covered="3"/><counter type="LINE" missed="2" covered="1"/><counter type="COMPLEXITY" missed="1" covered="1"/><counter type="METHOD" missed="1" covered="1"/><counter type="CLASS" missed="0" covered="1"/></class><sourcefile name="DriverStarter.java"><line nr="27" mi="0" ci="3" mb="0" cb="0"/><line nr="35" mi="4" ci="0" mb="0" cb="0"/><line nr="36" mi="1" ci="0" mb="0" cb="0"/><counter type="INSTRUCTION" missed="5" covered="3"/><counter type="LINE" missed="2" covered="1"/><counter type="COMPLEXITY" missed="1" covered="1"/><counter type="METHOD" missed="1" covered="1"/><counter type="CLASS" missed="0" covered="1"/></sourcefile><counter type="INSTRUCTION" missed="5" covered="3"/><counter type="LINE" missed="2" covered="1"/><counter type="COMPLEXITY" missed="1" covered="1"/><counter type="METHOD" missed="1" covered="1"/><counter type="CLASS" missed="0" covered="1"/></package><counter type="INSTRUCTION" missed="244" covered="1166"/><counter type="BRANCH" missed="27" covered="41"/><counter type="LINE" missed="33" covered="263"/><counter type="COMPLEXITY" missed="31" covered="48"/><counter type="METHOD" missed="8" covered="37"/><counter type="CLASS" missed="1" covered="3"/></report>